[23/05/2022 12:30:01][Básico][SELECT * FROM usuarios WHERE nombreUsuario = 'administrador' AND claveUsuario = SHA2('administrador', 256);]
[23/05/2022 12:37:47][Básico][SELECT * FROM usuarios WHERE nombreUsuario = 'administrador' AND claveUsuario = SHA2('administrador', 256);]
[23/05/2022 12:43:07][Básico][SELECT * FROM usuarios WHERE nombreUsuario = 'administrador' AND claveUsuario = SHA2('administrador', 256);]
[23/05/2022 12:43:52][Administrador][]
[23/05/2022 12:51:00][Básico][SELECT * FROM usuarios WHERE nombreUsuario = 'administrador' AND claveUsuario = SHA2('administrador', 256);]
[23/05/2022 13:20:48][Básico][SELECT * FROM usuarios WHERE nombreUsuario = 'administrador' AND claveUsuario = SHA2('administrador', 256);]
[23/05/2022 13:20:49][Administrador][Login]
[23/05/2022 13:20:53][Básico][SELECT * FROM clientes JOIN personas ON idPersona = idPersonaFK1;]
[23/05/2022 13:22:09][Básico][SELECT * FROM clientes;]
[23/05/2022 13:32:20][Básico][SELECT * FROM usuarios WHERE nombreUsuario = 'administrador' AND claveUsuario = SHA2('administrador', 256);]
[23/05/2022 13:32:20][Administrador][Login]
[23/05/2022 13:32:30][Básico][SELECT * FROM clientes JOIN personas ON idPersona = idPersonaFK1;]
[23/05/2022 13:33:20][Básico][SELECT * FROM clientes JOIN personas ON idPersona = idPersonaFK1;]
[23/05/2022 13:34:21][Básico][SELECT * FROM usuarios WHERE nombreUsuario = 'administrador' AND claveUsuario = SHA2('administrador', 256);]
[23/05/2022 13:34:21][Administrador][Login]
[23/05/2022 13:34:24][Básico][SELECT * FROM clientes JOIN personas ON idPersona = idPersonaFK1;]
[23/05/2022 13:36:03][Básico][SELECT * FROM usuarios WHERE nombreUsuario = 'administrador' AND claveUsuario = SHA2('administrador', 256);]
[23/05/2022 13:36:03][Administrador][Login]
[23/05/2022 13:36:06][Básico][SELECT * FROM clientes JOIN personas ON idPersona = idPersonaFK1;]
[23/05/2022 14:12:42][Básico][SELECT * FROM usuarios WHERE nombreUsuario = 'administrador' AND claveUsuario = SHA2('administrador', 256);]
[23/05/2022 14:12:42][Administrador][Login]
[23/05/2022 14:12:46][Administrador][SELECT * FROM clientes JOIN personas ON idPersona = idPersonaFK1;]
[23/05/2022 14:14:13][Básico][SELECT * FROM usuarios WHERE nombreUsuario = 'administrador' AND claveUsuario = SHA2('administrador', 256);]
[23/05/2022 14:14:13][Administrador][Login]
[23/05/2022 14:14:17][Administrador][SELECT * FROM asistir JOIN personas ON idPersona = idPersonaFK2, JOIN cines ON idCine = idCineFK3;]
[23/05/2022 14:15:11][Básico][SELECT * FROM usuarios WHERE nombreUsuario = 'administrador' AND claveUsuario = SHA2('administrador', 256);]
[23/05/2022 14:15:11][Administrador][Login]
[23/05/2022 14:15:14][Administrador][SELECT * FROM clientes JOIN personas ON idPersona = idPersonaFK1;]
[23/05/2022 14:16:02][Básico][SELECT * FROM usuarios WHERE nombreUsuario = 'administrador' AND claveUsuario = SHA2('administrador', 256);]
[23/05/2022 14:16:02][Administrador][Login]
[23/05/2022 14:16:05][Administrador][SELECT * FROM clientes JOIN personas ON idPersona = idPersonaFK1;]
[23/05/2022 14:17:10][Básico][SELECT * FROM usuarios WHERE nombreUsuario = 'administrador' AND claveUsuario = SHA2('administrador', 256);]
[23/05/2022 14:17:10][Administrador][Login]
[23/05/2022 14:17:18][Administrador][SELECT * FROM asistir JOIN personas ON idPersona = idPersonaFK2 JOIN cines ON idCine = idCineFK3;]
[23/05/2022 14:20:18][Básico][SELECT * FROM usuarios WHERE nombreUsuario = 'administrador' AND claveUsuario = SHA2('administrador', 256);]
[23/05/2022 14:20:18][Administrador][Login]
[23/05/2022 14:20:21][Administrador][SELECT * FROM clientes JOIN personas ON idPersona = idPersonaFK1;]
[23/05/2022 14:20:25][Administrador][SELECT * FROM asistir JOIN personas ON idPersona = idPersonaFK2 JOIN cines ON idCine = idCineFK3;]
[23/05/2022 14:20:56][Básico][SELECT * FROM usuarios WHERE nombreUsuario = 'administrador' AND claveUsuario = SHA2('administrador', 256);]
[23/05/2022 14:20:56][Administrador][Login]
[23/05/2022 14:21:04][Administrador][SELECT * FROM asistir JOIN personas ON idPersona = idPersonaFK2 JOIN cines ON idCine = idCineFK3;]
[23/05/2022 14:21:43][Básico][SELECT * FROM usuarios WHERE nombreUsuario = 'administrador' AND claveUsuario = SHA2('administrador', 256);]
[23/05/2022 14:21:43][Administrador][Login]
[23/05/2022 14:21:46][Administrador][SELECT * FROM asistir JOIN personas ON idPersona = idPersonaFK2 JOIN cines ON idCine = idCineFK3;]
[23/05/2022 14:22:08][Básico][SELECT * FROM usuarios WHERE nombreUsuario = 'administrador' AND claveUsuario = SHA2('administrador', 256);]
[23/05/2022 14:22:08][Administrador][Login]
[23/05/2022 14:22:12][Administrador][SELECT * FROM asistir JOIN personas ON idPersona = idPersonaFK2 JOIN cines ON idCine = idCineFK3;]
[23/05/2022 14:23:10][Básico][Logout]
[23/05/2022 14:23:29][Básico][SELECT * FROM usuarios WHERE nombreUsuario = 'administrador' AND claveUsuario = SHA2('administrador', 256);]
[23/05/2022 14:23:29][Administrador][Login]
[23/05/2022 14:23:33][Administrador][SELECT * FROM asistir JOIN personas ON idPersona = idPersonaFK2 JOIN cines ON idCine = idCineFK3;]
[23/05/2022 14:26:34][Básico][SELECT * FROM usuarios WHERE nombreUsuario = 'administrador' AND claveUsuario = SHA2('administrador', 256);]
[23/05/2022 14:26:34][Administrador][Login]
[23/05/2022 14:26:40][Administrador][SELECT * FROM asistir JOIN personas ON idPersona = idPersonaFK2 JOIN cines ON idCine = idCineFK3;]
[23/05/2022 14:27:39][Básico][SELECT * FROM usuarios WHERE nombreUsuario = 'administrador' AND claveUsuario = SHA2('administrador', 256);]
[23/05/2022 14:27:39][Administrador][Login]
[23/05/2022 14:27:41][Administrador][SELECT * FROM asistir JOIN personas ON idPersona = idPersonaFK2 JOIN cines ON idCine = idCineFK3;]
[23/05/2022 14:28:08][Básico][SELECT * FROM usuarios WHERE nombreUsuario = 'administrador' AND claveUsuario = SHA2('administrador', 256);]
[23/05/2022 14:28:08][Administrador][Login]
[23/05/2022 14:28:10][Administrador][SELECT * FROM asistir JOIN personas ON idPersona = idPersonaFK2 JOIN cines ON idCine = idCineFK3;]
[24/05/2022 09:55:06][Básico][SELECT * FROM usuarios WHERE nombreUsuario = 'administrador' AND claveUsuario = SHA2('administrador', 256);]
[24/05/2022 09:55:06][Administrador][Login]
[24/05/2022 10:07:32][Básico][SELECT * FROM usuarios WHERE nombreUsuario = 'administrador' AND claveUsuario = SHA2('administrador', 256);]
[24/05/2022 10:07:32][Administrador][Login]
[24/05/2022 10:07:36][Básico][SELECT * FROM personas;]
[24/05/2022 10:07:55][Administrador][UPDATE asistir SET idPersonaFK2 = '23', idCineFK3 = '6' WHERE idAsistir = 7]
[25/05/2022 11:02:12][Básico][SELECT * FROM usuarios WHERE nombreUsuario = 'administrador' AND claveUsuario = SHA2('administrador', 256);]
[25/05/2022 11:02:12][Administrador][Login]
[25/05/2022 11:02:30][Básico][SELECT * FROM personas;]
[25/05/2022 11:02:41][Administrador][DELETE FROM personas WHERE idPersona = 23]
[26/05/2022 12:39:08][Básico][SELECT * FROM usuarios WHERE nombreUsuario = 'administrador' AND claveUsuario = SHA2('administrador', 256);]
[26/05/2022 12:39:09][Administrador][Login]
[26/05/2022 12:39:23][Administrador][SELECT * FROM clientes JOIN personas ON idPersona = idPersonaFK1;]
[26/05/2022 12:39:28][Administrador][SELECT * FROM clientes JOIN personas ON idPersona = idPersonaFK1;]
[26/05/2022 13:11:53][Básico][Logout]
[26/05/2022 13:12:51][Básico][SELECT * FROM usuarios WHERE nombreUsuario = 'Administrador' AND claveUsuario = SHA2('Administrador', 256);]
[26/05/2022 13:12:57][Administrador][Logout]
[26/05/2022 13:13:25][Básico][SELECT * FROM usuarios WHERE nombreUsuario = 'administrador' AND claveUsuario = SHA2('administrador', 256);]
[26/05/2022 13:13:25][Administrador][Login]
[26/05/2022 13:13:28][Administrador][SELECT * FROM asistir JOIN personas ON idPersona = idPersonaFK2 JOIN cines ON idCine = idCineFK3;]
[26/05/2022 13:14:01][Básico][SELECT * FROM usuarios WHERE nombreUsuario = 'administrador' AND claveUsuario = SHA2('administrador', 256);]
[26/05/2022 13:14:01][Administrador][Login]
[26/05/2022 13:14:04][Administrador][SELECT * FROM asistir JOIN personas ON idPersona = idPersonaFK2 JOIN cines ON idCine = idCineFK3;]
[26/05/2022 13:14:06][Administrador][SELECT * FROM clientes JOIN personas ON idPersona = idPersonaFK1;]
[26/05/2022 13:14:33][Administrador][SELECT * FROM clientes JOIN personas ON idPersona = idPersonaFK1;]
[26/05/2022 13:14:59][Básico][SELECT * FROM usuarios WHERE nombreUsuario = 'administrador' AND claveUsuario = SHA2('administrador', 256);]
[26/05/2022 13:14:59][Administrador][Login]
[26/05/2022 13:15:01][Administrador][SELECT * FROM asistir JOIN personas ON idPersona = idPersonaFK2 JOIN cines ON idCine = idCineFK3;]
[26/05/2022 13:15:04][Administrador][SELECT * FROM asistir JOIN personas ON idPersona = idPersonaFK2 JOIN cines ON idCine = idCineFK3;]
[26/05/2022 13:15:19][Administrador][SELECT * FROM clientes JOIN personas ON idPersona = idPersonaFK1;]
[26/05/2022 13:15:42][Administrador][SELECT * FROM asistir JOIN personas ON idPersona = idPersonaFK2 JOIN cines ON idCine = idCineFK3;]
[26/05/2022 13:15:51][Administrador][SELECT * FROM personas;]
[26/05/2022 13:16:06][Administrador][DELETE FROM personas WHERE idPersona = 23]
[26/05/2022 13:16:29][Administrador][DELETE FROM clientes WHERE idCliente = 23]
[26/05/2022 13:16:37][Administrador][SELECT * FROM personas;]
[26/05/2022 13:16:51][Administrador][DELETE FROM personas WHERE idPersona = 23]
[26/05/2022 13:17:01][Administrador][SELECT * FROM clientes JOIN personas ON idPersona = idPersonaFK1;]
[26/05/2022 13:17:18][Administrador][SELECT * FROM personas;]
[26/05/2022 13:17:31][Administrador][SELECT * FROM cines;]
[26/05/2022 13:17:39][Administrador][SELECT * FROM asistir JOIN personas ON idPersona = idPersonaFK2 JOIN cines ON idCine = idCineFK3;]
[26/05/2022 13:17:53][Administrador][DELETE FROM asistir WHERE idAsistir = 7]
[26/05/2022 13:18:07][Administrador][DELETE FROM personas WHERE idPersona = 23]
[26/05/2022 13:19:39][Administrador][UPDATE personas SET dniPersona = 'P6546365J', nombrePersona ='Maya', primerApellidoPersona = 'Ahmed', segundoApellidoPersona = '', domicilioPersona = 'Coram House st. London', telefonoPersona = '748626233', emailPersona = 'mayaahmed@gmail.com' WHERE idPersona = 22]
[26/05/2022 13:19:54][Administrador][SELECT * FROM asistir JOIN personas ON idPersona = idPersonaFK2 JOIN cines ON idCine = idCineFK3;]
[26/05/2022 13:34:37][Básico][SELECT * FROM usuarios WHERE nombreUsuario = 'administrador' AND claveUsuario = SHA2('administrador', 256);]
[26/05/2022 13:34:37][Administrador][Login]
[26/05/2022 13:34:39][Administrador][SELECT * FROM cines;]
[26/05/2022 13:37:23][Básico][SELECT * FROM usuarios WHERE nombreUsuario = 'administrador' AND claveUsuario = SHA2('administrador', 256);]
[26/05/2022 13:37:23][Administrador][Login]
[26/05/2022 13:37:27][Administrador][SELECT * FROM cines;]
[26/05/2022 13:38:06][Básico][SELECT * FROM usuarios WHERE nombreUsuario = 'administrador' AND claveUsuario = SHA2('administrador', 256);]
[26/05/2022 13:38:06][Administrador][Login]
[26/05/2022 13:38:10][Administrador][SELECT * FROM cines;]
[26/05/2022 13:38:28][Básico][SELECT * FROM usuarios WHERE nombreUsuario = 'administrador' AND claveUsuario = SHA2('administrador', 256);]
[26/05/2022 13:38:28][Administrador][Login]
[26/05/2022 13:38:30][Administrador][SELECT * FROM cines;]
[26/05/2022 13:38:34][Administrador][SELECT * FROM cines;]
[26/05/2022 13:47:19][Básico][SELECT * FROM usuarios WHERE nombreUsuario = 'administrador' AND claveUsuario = SHA2('administrador', 256);]
[26/05/2022 13:47:19][Administrador][Login]
[26/05/2022 13:47:24][Administrador][SELECT * FROM personas;]
[26/05/2022 13:47:26][Administrador][SELECT * FROM clientes JOIN personas ON idPersona = idPersonaFK1;]
[30/05/2022 12:56:27][Básico][Logout]
[01/06/2022 08:27:13][Básico][SELECT * FROM usuarios WHERE nombreUsuario = 'administrador' AND claveUsuario = SHA2('administrador', 256);]
[01/06/2022 08:27:13][Administrador][Login]
[01/06/2022 08:30:57][Básico][SELECT * FROM usuarios WHERE nombreUsuario = 'administrador' AND claveUsuario = SHA2('administrador', 256);]
[01/06/2022 08:30:57][Administrador][Login]
[01/06/2022 16:55:24][Básico][SELECT * FROM usuarios WHERE nombreUsuario = 'administrador' AND claveUsuario = SHA2('administrador', 256);]
[01/06/2022 16:55:24][Administrador][Login]
[01/06/2022 16:56:51][Básico][SELECT * FROM usuarios WHERE nombreUsuario = 'administrador' AND claveUsuario = SHA2('administrador', 256);]
[01/06/2022 16:56:51][Administrador][Login]
[01/06/2022 18:10:53][Básico][SELECT * FROM usuarios WHERE nombreUsuario = 'administrador' AND claveUsuario = SHA2('administrador', 256);]
[01/06/2022 18:10:53][Administrador][Login]
[01/06/2022 18:10:59][Administrador][SELECT * FROM asistir JOIN personas ON idPersona = idPersonaFK2 JOIN cines ON idCine = idCineFK3;]
[01/06/2022 18:11:11][Administrador][SELECT * FROM clientes JOIN personas ON idPersona = idPersonaFK1;]
[03/06/2022 14:10:36][Básico][SELECT * FROM usuarios WHERE nombreUsuario = 'administrador' AND claveUsuario = SHA2('administrador', 256);]
[03/06/2022 14:10:36][Administrador][Login]
[05/06/2022 10:32:44][Básico][SELECT * FROM usuarios WHERE nombreUsuario = 'administrador' AND claveUsuario = SHA2('administrador', 256);]
[05/06/2022 10:32:44][Administrador][Login]
[05/06/2022 10:32:51][Administrador][SELECT * FROM clientes JOIN personas ON idPersona = idPersonaFK1;]
[05/06/2022 10:33:05][Administrador][SELECT * FROM clientes JOIN personas ON idPersona = idPersonaFK1;]
[05/06/2022 10:44:05][Básico][SELECT * FROM usuarios WHERE nombreUsuario = 'administrador' AND claveUsuario = SHA2('administrador', 256);]
[05/06/2022 10:44:05][Administrador][Login]
[05/06/2022 10:46:12][Básico][SELECT * FROM usuarios WHERE nombreUsuario = 'administrador' AND claveUsuario = SHA2('administrador', 256);]
[05/06/2022 10:46:12][Administrador][Login]
[05/06/2022 10:46:15][Administrador][SELECT * FROM cines;]
[05/06/2022 10:46:18][Administrador][SELECT * FROM cines;]
[05/06/2022 10:47:29][Administrador][SELECT * FROM asistir JOIN personas ON idPersona = idPersonaFK2 JOIN cines ON idCine = idCineFK3;]
[05/06/2022 10:48:26][Administrador][SELECT * FROM asistir JOIN personas ON idPersona = idPersonaFK2 JOIN cines ON idCine = idCineFK3;]
[05/06/2022 10:48:58][Básico][SELECT * FROM usuarios WHERE nombreUsuario = 'administrador' AND claveUsuario = SHA2('administrador', 256);]
[05/06/2022 10:48:58][Administrador][Login]
[05/06/2022 10:49:00][Administrador][SELECT * FROM asistir JOIN personas ON idPersona = idPersonaFK2 JOIN cines ON idCine = idCineFK3;]
[05/06/2022 10:49:45][Administrador][SELECT * FROM personas;]
[05/06/2022 10:50:36][Básico][SELECT * FROM usuarios WHERE nombreUsuario = 'administrador' AND claveUsuario = SHA2('administrador', 256);]
[05/06/2022 10:50:36][Administrador][Login]
[05/06/2022 10:50:39][Administrador][SELECT * FROM personas;]
[05/06/2022 10:50:55][Básico][SELECT * FROM usuarios WHERE nombreUsuario = 'administrador' AND claveUsuario = SHA2('administrador', 256);]
[05/06/2022 10:50:55][Administrador][Login]
[05/06/2022 10:50:59][Administrador][SELECT * FROM personas;]
[05/06/2022 10:53:18][Administrador][SELECT * FROM cines;]
[05/06/2022 10:53:25][Administrador][SELECT * FROM cines;]
[05/06/2022 10:54:03][Administrador][SELECT * FROM personas;]
[05/06/2022 10:54:05][Administrador][SELECT * FROM clientes JOIN personas ON idPersona = idPersonaFK1;]
[06/06/2022 10:56:53][Básico][SELECT * FROM usuarios WHERE nombreUsuario = 'administrador' AND claveUsuario = SHA2('administrador', 256);]
[06/06/2022 10:56:53][Administrador][Login]
